-- Found ament_cmake_auto: 1.3.9 (/opt/ros/humble/share/ament_cmake_auto/cmake)
-- Found cv_bridge: 3.2.1 (/opt/ros/humble/share/cv_bridge/cmake)
-- Found rosidl_generator_c: 3.1.5 (/opt/ros/humble/share/rosidl_generator_c/cmake)
-- Found rosidl_adapter: 3.1.5 (/opt/ros/humble/share/rosidl_adapter/cmake)
-- Found rosidl_generator_cpp: 3.1.5 (/opt/ros/humble/share/rosidl_generator_cpp/cmake)
-- Using all available rosidl_typesupport_c: rosidl_typesupport_fastrtps_c;rosidl_typesupport_introspection_c
-- Using all available rosidl_typesupport_cpp: rosidl_typesupport_fastrtps_cpp;rosidl_typesupport_introspection_cpp
-- Found rclcpp: 16.0.9 (/opt/ros/humble/share/rclcpp/cmake)
-- Found rmw_implementation_cmake: 6.1.2 (/opt/ros/humble/share/rmw_implementation_cmake/cmake)
-- Found rmw_fastrtps_cpp: 6.2.6 (/opt/ros/humble/share/rmw_fastrtps_cpp/cmake)
-- Using RMW implementation 'rmw_fastrtps_cpp' as default
-- Found ament_lint_auto: 0.12.11 (/opt/ros/humble/share/ament_lint_auto/cmake)
-- Added test 'cppcheck' to perform static code analysis on C / C++ code
-- Configured cppcheck include dirs: /home/zhu/rm2024/RC_October/src/raw_image/include
-- Configured cppcheck exclude dirs and/or files: 
-- Added test 'lint_cmake' to check CMake code style
-- Added test 'uncrustify' to check C / C++ code style
-- Configured uncrustify additional arguments: 
-- Added test 'xmllint' to check XML markup files
-- Configuring done
-- Generating done
-- Build files have been written to: /home/zhu/rm2024/RC_October/build/raw_image
[35m[1mConsolidate compiler generated dependencies of target raw_image_node[0m
[ 33%] [32mBuilding CXX object CMakeFiles/raw_image_node.dir/src/raw_image_node.cpp.o[0m
[ 66%] [32mBuilding CXX object CMakeFiles/raw_image_node.dir/src/raw_image.cpp.o[0m
[100%] [32m[1mLinking CXX executable raw_image_node[0m
/usr/bin/ld: 找不到 -lsensor_msgs: 没有那个文件或目录
collect2: error: ld returned 1 exit status
gmake[2]: *** [CMakeFiles/raw_image_node.dir/build.make:248：raw_image_node] 错误 1
gmake[1]: *** [CMakeFiles/Makefile2:137：CMakeFiles/raw_image_node.dir/all] 错误 2
gmake: *** [Makefile:146：all] 错误 2
